{
  "/home/rubens/Documentos/GitHub/TabuadaMobile/middlewares/authenticator.js": {
    "path": "/home/rubens/Documentos/GitHub/TabuadaMobile/middlewares/authenticator.js",
    "statementMap": {
      "0": {
        "start": { "line": 1, "column": 12 },
        "end": { "line": 1, "column": 35 }
      },
      "1": {
        "start": { "line": 2, "column": 13 },
        "end": { "line": 2, "column": 38 }
      },
      "2": {
        "start": { "line": 3, "column": 0 },
        "end": { "line": 3, "column": 26 }
      },
      "3": {
        "start": { "line": 5, "column": 13 },
        "end": { "line": 5, "column": 31 }
      },
      "4": {
        "start": { "line": 6, "column": 0 },
        "end": { "line": 57, "column": 1 }
      },
      "5": {
        "start": { "line": 7, "column": 21 },
        "end": { "line": 7, "column": 67 }
      },
      "6": {
        "start": { "line": 9, "column": 2 },
        "end": { "line": 10, "column": 63 }
      },
      "7": {
        "start": { "line": 10, "column": 4 },
        "end": { "line": 10, "column": 63 }
      },
      "8": {
        "start": { "line": 12, "column": 16 },
        "end": { "line": 12, "column": 37 }
      },
      "9": {
        "start": { "line": 13, "column": 2 },
        "end": { "line": 56, "column": 3 }
      },
      "10": {
        "start": { "line": 15, "column": 18 },
        "end": { "line": 15, "column": 26 }
      },
      "11": {
        "start": { "line": 16, "column": 4 },
        "end": { "line": 30, "column": 6 }
      },
      "12": {
        "start": { "line": 17, "column": 6 },
        "end": { "line": 18, "column": 62 }
      },
      "13": {
        "start": { "line": 18, "column": 8 },
        "end": { "line": 18, "column": 62 }
      },
      "14": {
        "start": { "line": 19, "column": 6 },
        "end": { "line": 19, "column": 29 }
      },
      "15": {
        "start": { "line": 20, "column": 6 },
        "end": { "line": 29, "column": 7 }
      },
      "16": {
        "start": { "line": 21, "column": 21 },
        "end": { "line": 21, "column": 52 }
      },
      "17": {
        "start": { "line": 22, "column": 8 },
        "end": { "line": 24, "column": 9 }
      },
      "18": {
        "start": { "line": 23, "column": 10 },
        "end": { "line": 23, "column": 75 }
      },
      "19": {
        "start": { "line": 25, "column": 8 },
        "end": { "line": 25, "column": 24 }
      },
      "20": {
        "start": { "line": 26, "column": 8 },
        "end": { "line": 26, "column": 22 }
      },
      "21": {
        "start": { "line": 28, "column": 8 },
        "end": { "line": 28, "column": 67 }
      },
      "22": {
        "start": { "line": 33, "column": 4 },
        "end": { "line": 34, "column": 60 }
      },
      "23": {
        "start": { "line": 34, "column": 6 },
        "end": { "line": 34, "column": 60 }
      },
      "24": {
        "start": { "line": 36, "column": 28 },
        "end": { "line": 36, "column": 33 }
      },
      "25": {
        "start": { "line": 38, "column": 4 },
        "end": { "line": 40, "column": 5 }
      },
      "26": {
        "start": { "line": 39, "column": 6 },
        "end": { "line": 39, "column": 64 }
      },
      "27": {
        "start": { "line": 41, "column": 4 },
        "end": { "line": 55, "column": 6 }
      },
      "28": {
        "start": { "line": 42, "column": 6 },
        "end": { "line": 43, "column": 62 }
      },
      "29": {
        "start": { "line": 43, "column": 8 },
        "end": { "line": 43, "column": 62 }
      },
      "30": {
        "start": { "line": 44, "column": 6 },
        "end": { "line": 44, "column": 29 }
      },
      "31": {
        "start": { "line": 45, "column": 6 },
        "end": { "line": 54, "column": 7 }
      },
      "32": {
        "start": { "line": 46, "column": 21 },
        "end": { "line": 46, "column": 52 }
      },
      "33": {
        "start": { "line": 47, "column": 8 },
        "end": { "line": 49, "column": 9 }
      },
      "34": {
        "start": { "line": 48, "column": 10 },
        "end": { "line": 48, "column": 75 }
      },
      "35": {
        "start": { "line": 50, "column": 8 },
        "end": { "line": 50, "column": 24 }
      },
      "36": {
        "start": { "line": 51, "column": 8 },
        "end": { "line": 51, "column": 22 }
      },
      "37": {
        "start": { "line": 53, "column": 8 },
        "end": { "line": 53, "column": 67 }
      }
    },
    "fnMap": {
      "0": {
        "name": "(anonymous_0)",
        "decl": {
          "start": { "line": 6, "column": 17 },
          "end": { "line": 6, "column": 18 }
        },
        "loc": {
          "start": { "line": 6, "column": 37 },
          "end": { "line": 57, "column": 1 }
        },
        "line": 6
      },
      "1": {
        "name": "(anonymous_1)",
        "decl": {
          "start": { "line": 16, "column": 28 },
          "end": { "line": 16, "column": 29 }
        },
        "loc": {
          "start": { "line": 16, "column": 49 },
          "end": { "line": 30, "column": 5 }
        },
        "line": 16
      },
      "2": {
        "name": "(anonymous_2)",
        "decl": {
          "start": { "line": 41, "column": 28 },
          "end": { "line": 41, "column": 29 }
        },
        "loc": {
          "start": { "line": 41, "column": 49 },
          "end": { "line": 55, "column": 5 }
        },
        "line": 41
      }
    },
    "branchMap": {
      "0": {
        "loc": {
          "start": { "line": 7, "column": 21 },
          "end": { "line": 7, "column": 67 }
        },
        "type": "binary-expr",
        "locations": [
          {
            "start": { "line": 7, "column": 21 },
            "end": { "line": 7, "column": 46 }
          },
          {
            "start": { "line": 7, "column": 50 },
            "end": { "line": 7, "column": 67 }
          }
        ],
        "line": 7
      },
      "1": {
        "loc": {
          "start": { "line": 9, "column": 2 },
          "end": { "line": 10, "column": 63 }
        },
        "type": "if",
        "locations": [
          {
            "start": { "line": 9, "column": 2 },
            "end": { "line": 10, "column": 63 }
          },
          { "start": {}, "end": {} }
        ],
        "line": 9
      },
      "2": {
        "loc": {
          "start": { "line": 13, "column": 2 },
          "end": { "line": 56, "column": 3 }
        },
        "type": "if",
        "locations": [
          {
            "start": { "line": 13, "column": 2 },
            "end": { "line": 56, "column": 3 }
          },
          {
            "start": { "line": 31, "column": 9 },
            "end": { "line": 56, "column": 3 }
          }
        ],
        "line": 13
      },
      "3": {
        "loc": {
          "start": { "line": 17, "column": 6 },
          "end": { "line": 18, "column": 62 }
        },
        "type": "if",
        "locations": [
          {
            "start": { "line": 17, "column": 6 },
            "end": { "line": 18, "column": 62 }
          },
          { "start": {}, "end": {} }
        ],
        "line": 17
      },
      "4": {
        "loc": {
          "start": { "line": 22, "column": 8 },
          "end": { "line": 24, "column": 9 }
        },
        "type": "if",
        "locations": [
          {
            "start": { "line": 22, "column": 8 },
            "end": { "line": 24, "column": 9 }
          },
          { "start": {}, "end": {} }
        ],
        "line": 22
      },
      "5": {
        "loc": {
          "start": { "line": 33, "column": 4 },
          "end": { "line": 34, "column": 60 }
        },
        "type": "if",
        "locations": [
          {
            "start": { "line": 33, "column": 4 },
            "end": { "line": 34, "column": 60 }
          },
          { "start": {}, "end": {} }
        ],
        "line": 33
      },
      "6": {
        "loc": {
          "start": { "line": 38, "column": 4 },
          "end": { "line": 40, "column": 5 }
        },
        "type": "if",
        "locations": [
          {
            "start": { "line": 38, "column": 4 },
            "end": { "line": 40, "column": 5 }
          },
          { "start": {}, "end": {} }
        ],
        "line": 38
      },
      "7": {
        "loc": {
          "start": { "line": 42, "column": 6 },
          "end": { "line": 43, "column": 62 }
        },
        "type": "if",
        "locations": [
          {
            "start": { "line": 42, "column": 6 },
            "end": { "line": 43, "column": 62 }
          },
          { "start": {}, "end": {} }
        ],
        "line": 42
      },
      "8": {
        "loc": {
          "start": { "line": 47, "column": 8 },
          "end": { "line": 49, "column": 9 }
        },
        "type": "if",
        "locations": [
          {
            "start": { "line": 47, "column": 8 },
            "end": { "line": 49, "column": 9 }
          },
          { "start": {}, "end": {} }
        ],
        "line": 47
      }
    },
    "s": {
      "0": 3,
      "1": 3,
      "2": 3,
      "3": 3,
      "4": 3,
      "5": 2,
      "6": 2,
      "7": 2,
      "8": 0,
      "9": 0,
      "10": 0,
      "11": 0,
      "12": 0,
      "13": 0,
      "14": 0,
      "15": 0,
      "16": 0,
      "17": 0,
      "18": 0,
      "19": 0,
      "20": 0,
      "21": 0,
      "22": 0,
      "23": 0,
      "24": 0,
      "25": 0,
      "26": 0,
      "27": 0,
      "28": 0,
      "29": 0,
      "30": 0,
      "31": 0,
      "32": 0,
      "33": 0,
      "34": 0,
      "35": 0,
      "36": 0,
      "37": 0
    },
    "f": { "0": 2, "1": 0, "2": 0 },
    "b": {
      "0": [2, 2],
      "1": [2, 0],
      "2": [0, 0],
      "3": [0, 0],
      "4": [0, 0],
      "5": [0, 0],
      "6": [0, 0],
      "7": [0, 0],
      "8": [0, 0]
    },
    "_coverageSchema": "1a1c01bbd47fc00a2c39e90264f33305004495a9",
    "hash": "5cd8fa9a368acb508961bfba6ceef6c7b5ae019d"
  },
  "/home/rubens/Documentos/GitHub/TabuadaMobile/models/Contagem.js": {
    "path": "/home/rubens/Documentos/GitHub/TabuadaMobile/models/Contagem.js",
    "statementMap": {
      "0": {
        "start": { "line": 1, "column": 17 },
        "end": { "line": 1, "column": 36 }
      },
      "1": {
        "start": { "line": 3, "column": 23 },
        "end": { "line": 33, "column": 2 }
      },
      "2": {
        "start": { "line": 35, "column": 17 },
        "end": { "line": 35, "column": 59 }
      },
      "3": {
        "start": { "line": 37, "column": 0 },
        "end": { "line": 37, "column": 25 }
      }
    },
    "fnMap": {},
    "branchMap": {},
    "s": { "0": 3, "1": 3, "2": 3, "3": 3 },
    "f": {},
    "b": {},
    "_coverageSchema": "1a1c01bbd47fc00a2c39e90264f33305004495a9",
    "hash": "99ffe1cd0ae271393716e210699fcabed45b0a15"
  },
  "/home/rubens/Documentos/GitHub/TabuadaMobile/models/Round.js": {
    "path": "/home/rubens/Documentos/GitHub/TabuadaMobile/models/Round.js",
    "statementMap": {
      "0": {
        "start": { "line": 1, "column": 17 },
        "end": { "line": 1, "column": 36 }
      },
      "1": {
        "start": { "line": 3, "column": 20 },
        "end": { "line": 29, "column": 2 }
      },
      "2": {
        "start": { "line": 31, "column": 14 },
        "end": { "line": 31, "column": 50 }
      },
      "3": {
        "start": { "line": 33, "column": 0 },
        "end": { "line": 33, "column": 22 }
      }
    },
    "fnMap": {},
    "branchMap": {},
    "s": { "0": 3, "1": 3, "2": 3, "3": 3 },
    "f": {},
    "b": {},
    "_coverageSchema": "1a1c01bbd47fc00a2c39e90264f33305004495a9",
    "hash": "6529288192b0dc7ef08956b42abfbb93a189124b"
  },
  "/home/rubens/Documentos/GitHub/TabuadaMobile/models/User.js": {
    "path": "/home/rubens/Documentos/GitHub/TabuadaMobile/models/User.js",
    "statementMap": {
      "0": {
        "start": { "line": 1, "column": 17 },
        "end": { "line": 1, "column": 36 }
      },
      "1": {
        "start": { "line": 2, "column": 15 },
        "end": { "line": 2, "column": 34 }
      },
      "2": {
        "start": { "line": 4, "column": 25 },
        "end": { "line": 25, "column": 2 }
      },
      "3": {
        "start": { "line": 27, "column": 19 },
        "end": { "line": 95, "column": 2 }
      },
      "4": {
        "start": { "line": 96, "column": 0 },
        "end": { "line": 101, "column": 2 }
      },
      "5": {
        "start": { "line": 97, "column": 2 },
        "end": { "line": 97, "column": 42 }
      },
      "6": {
        "start": { "line": 97, "column": 36 },
        "end": { "line": 97, "column": 42 }
      },
      "7": {
        "start": { "line": 99, "column": 15 },
        "end": { "line": 99, "column": 51 }
      },
      "8": {
        "start": { "line": 100, "column": 2 },
        "end": { "line": 100, "column": 22 }
      },
      "9": {
        "start": { "line": 102, "column": 13 },
        "end": { "line": 102, "column": 47 }
      },
      "10": {
        "start": { "line": 103, "column": 0 },
        "end": { "line": 103, "column": 21 }
      }
    },
    "fnMap": {
      "0": {
        "name": "(anonymous_0)",
        "decl": {
          "start": { "line": 96, "column": 23 },
          "end": { "line": 96, "column": 24 }
        },
        "loc": {
          "start": { "line": 96, "column": 41 },
          "end": { "line": 101, "column": 1 }
        },
        "line": 96
      }
    },
    "branchMap": {
      "0": {
        "loc": {
          "start": { "line": 97, "column": 2 },
          "end": { "line": 97, "column": 42 }
        },
        "type": "if",
        "locations": [
          {
            "start": { "line": 97, "column": 2 },
            "end": { "line": 97, "column": 42 }
          },
          { "start": {}, "end": {} }
        ],
        "line": 97
      }
    },
    "s": {
      "0": 3,
      "1": 3,
      "2": 3,
      "3": 3,
      "4": 3,
      "5": 8,
      "6": 5,
      "7": 3,
      "8": 3,
      "9": 3,
      "10": 3
    },
    "f": { "0": 8 },
    "b": { "0": [5, 3] },
    "_coverageSchema": "1a1c01bbd47fc00a2c39e90264f33305004495a9",
    "hash": "045291f36dd42ea9a316bddc5f18482eb74575f7"
  },
  "/home/rubens/Documentos/GitHub/TabuadaMobile/modules/mailer.js": {
    "path": "/home/rubens/Documentos/GitHub/TabuadaMobile/modules/mailer.js",
    "statementMap": {
      "0": {
        "start": { "line": 1, "column": 19 },
        "end": { "line": 1, "column": 40 }
      },
      "1": {
        "start": { "line": 2, "column": 12 },
        "end": { "line": 2, "column": 52 }
      },
      "2": {
        "start": { "line": 3, "column": 13 },
        "end": { "line": 3, "column": 28 }
      },
      "3": {
        "start": { "line": 4, "column": 0 },
        "end": { "line": 4, "column": 26 }
      },
      "4": {
        "start": { "line": 6, "column": 18 },
        "end": { "line": 13, "column": 2 }
      },
      "5": {
        "start": { "line": 15, "column": 0 },
        "end": { "line": 27, "column": 1 }
      },
      "6": {
        "start": { "line": 29, "column": 0 },
        "end": { "line": 29, "column": 26 }
      }
    },
    "fnMap": {},
    "branchMap": {},
    "s": { "0": 2, "1": 2, "2": 2, "3": 2, "4": 2, "5": 2, "6": 2 },
    "f": {},
    "b": {},
    "_coverageSchema": "1a1c01bbd47fc00a2c39e90264f33305004495a9",
    "hash": "47fdaefa93ec93a7f958949ae2276ace9e4a55c4"
  },
  "/home/rubens/Documentos/GitHub/TabuadaMobile/routes/createUser.js": {
    "path": "/home/rubens/Documentos/GitHub/TabuadaMobile/routes/createUser.js",
    "statementMap": {
      "0": {
        "start": { "line": 1, "column": 15 },
        "end": { "line": 1, "column": 42 }
      },
      "1": {
        "start": { "line": 2, "column": 13 },
        "end": { "line": 2, "column": 38 }
      },
      "2": {
        "start": { "line": 3, "column": 12 },
        "end": { "line": 3, "column": 35 }
      },
      "3": {
        "start": { "line": 4, "column": 13 },
        "end": { "line": 4, "column": 52 }
      },
      "4": {
        "start": { "line": 5, "column": 0 },
        "end": { "line": 5, "column": 26 }
      },
      "5": {
        "start": { "line": 6, "column": 13 },
        "end": { "line": 6, "column": 31 }
      },
      "6": {
        "start": { "line": 9, "column": 2 },
        "end": { "line": 11, "column": 4 }
      },
      "7": {
        "start": { "line": 13, "column": 0 },
        "end": { "line": 85, "column": 4 }
      },
      "8": {
        "start": { "line": 14, "column": 64 },
        "end": { "line": 14, "column": 72 }
      },
      "9": {
        "start": { "line": 15, "column": 2 },
        "end": { "line": 17, "column": 3 }
      },
      "10": {
        "start": { "line": 16, "column": 4 },
        "end": { "line": 16, "column": 77 }
      },
      "11": {
        "start": { "line": 19, "column": 2 },
        "end": { "line": 21, "column": 3 }
      },
      "12": {
        "start": { "line": 20, "column": 4 },
        "end": { "line": 20, "column": 78 }
      },
      "13": {
        "start": { "line": 24, "column": 16 },
        "end": { "line": 24, "column": 65 }
      },
      "14": {
        "start": { "line": 25, "column": 2 },
        "end": { "line": 29, "column": 3 }
      },
      "15": {
        "start": { "line": 26, "column": 4 },
        "end": { "line": 28, "column": 7 }
      },
      "16": {
        "start": { "line": 32, "column": 2 },
        "end": { "line": 84, "column": 5 }
      },
      "17": {
        "start": { "line": 33, "column": 22 },
        "end": { "line": 33, "column": 77 }
      },
      "18": {
        "start": { "line": 34, "column": 4 },
        "end": { "line": 36, "column": 5 }
      },
      "19": {
        "start": { "line": 35, "column": 6 },
        "end": { "line": 35, "column": 60 }
      },
      "20": {
        "start": { "line": 37, "column": 21 },
        "end": { "line": 37, "column": 74 }
      },
      "21": {
        "start": { "line": 38, "column": 4 },
        "end": { "line": 40, "column": 5 }
      },
      "22": {
        "start": { "line": 39, "column": 6 },
        "end": { "line": 39, "column": 61 }
      },
      "23": {
        "start": { "line": 41, "column": 23 },
        "end": { "line": 41, "column": 25 }
      },
      "24": {
        "start": { "line": 42, "column": 6 },
        "end": { "line": 66, "column": 5 }
      },
      "25": {
        "start": { "line": 43, "column": 10 },
        "end": { "line": 49, "column": 12 }
      },
      "26": {
        "start": { "line": 50, "column": 13 },
        "end": { "line": 66, "column": 5 }
      },
      "27": {
        "start": { "line": 51, "column": 10 },
        "end": { "line": 57, "column": 12 }
      },
      "28": {
        "start": { "line": 58, "column": 13 },
        "end": { "line": 66, "column": 5 }
      },
      "29": {
        "start": { "line": 59, "column": 8 },
        "end": { "line": 65, "column": 10 }
      },
      "30": {
        "start": { "line": 67, "column": 19 },
        "end": { "line": 74, "column": 8 }
      },
      "31": {
        "start": { "line": 75, "column": 4 },
        "end": { "line": 75, "column": 21 }
      },
      "32": {
        "start": { "line": 76, "column": 4 },
        "end": { "line": 80, "column": 5 }
      },
      "33": {
        "start": { "line": 82, "column": 6 },
        "end": { "line": 82, "column": 53 }
      },
      "34": {
        "start": { "line": 83, "column": 6 },
        "end": { "line": 83, "column": 78 }
      },
      "35": {
        "start": { "line": 86, "column": 0 },
        "end": { "line": 123, "column": 2 }
      },
      "36": {
        "start": { "line": 87, "column": 2 },
        "end": { "line": 122, "column": 3 }
      },
      "37": {
        "start": { "line": 88, "column": 25 },
        "end": { "line": 88, "column": 33 }
      },
      "38": {
        "start": { "line": 90, "column": 4 },
        "end": { "line": 118, "column": 5 }
      },
      "39": {
        "start": { "line": 92, "column": 33 },
        "end": { "line": 95, "column": 27 }
      },
      "40": {
        "start": { "line": 97, "column": 6 },
        "end": { "line": 99, "column": 7 }
      },
      "41": {
        "start": { "line": 98, "column": 8 },
        "end": { "line": 98, "column": 89 }
      },
      "42": {
        "start": { "line": 101, "column": 6 },
        "end": { "line": 101, "column": 54 }
      },
      "43": {
        "start": { "line": 102, "column": 11 },
        "end": { "line": 118, "column": 5 }
      },
      "44": {
        "start": { "line": 103, "column": 24 },
        "end": { "line": 103, "column": 92 }
      },
      "45": {
        "start": { "line": 105, "column": 6 },
        "end": { "line": 107, "column": 7 }
      },
      "46": {
        "start": { "line": 106, "column": 8 },
        "end": { "line": 106, "column": 77 }
      },
      "47": {
        "start": { "line": 109, "column": 6 },
        "end": { "line": 109, "column": 45 }
      },
      "48": {
        "start": { "line": 111, "column": 24 },
        "end": { "line": 111, "column": 77 }
      },
      "49": {
        "start": { "line": 113, "column": 6 },
        "end": { "line": 115, "column": 7 }
      },
      "50": {
        "start": { "line": 114, "column": 8 },
        "end": { "line": 114, "column": 77 }
      },
      "51": {
        "start": { "line": 117, "column": 6 },
        "end": { "line": 117, "column": 45 }
      },
      "52": {
        "start": { "line": 120, "column": 4 },
        "end": { "line": 120, "column": 51 }
      },
      "53": {
        "start": { "line": 121, "column": 4 },
        "end": { "line": 121, "column": 61 }
      },
      "54": {
        "start": { "line": 124, "column": 0 },
        "end": { "line": 124, "column": 23 }
      }
    },
    "fnMap": {
      "0": {
        "name": "generateToken",
        "decl": {
          "start": { "line": 8, "column": 9 },
          "end": { "line": 8, "column": 22 }
        },
        "loc": {
          "start": { "line": 8, "column": 36 },
          "end": { "line": 12, "column": 1 }
        },
        "line": 8
      },
      "1": {
        "name": "(anonymous_1)",
        "decl": {
          "start": { "line": 13, "column": 17 },
          "end": { "line": 13, "column": 18 }
        },
        "loc": {
          "start": { "line": 13, "column": 34 },
          "end": { "line": 85, "column": 3 }
        },
        "line": 13
      },
      "2": {
        "name": "(anonymous_2)",
        "decl": {
          "start": { "line": 86, "column": 22 },
          "end": { "line": 86, "column": 23 }
        },
        "loc": {
          "start": { "line": 86, "column": 42 },
          "end": { "line": 123, "column": 1 }
        },
        "line": 86
      }
    },
    "branchMap": {
      "0": {
        "loc": {
          "start": { "line": 8, "column": 23 },
          "end": { "line": 8, "column": 35 }
        },
        "type": "default-arg",
        "locations": [
          {
            "start": { "line": 8, "column": 32 },
            "end": { "line": 8, "column": 35 }
          }
        ],
        "line": 8
      },
      "1": {
        "loc": {
          "start": { "line": 15, "column": 2 },
          "end": { "line": 17, "column": 3 }
        },
        "type": "if",
        "locations": [
          {
            "start": { "line": 15, "column": 2 },
            "end": { "line": 17, "column": 3 }
          },
          { "start": {}, "end": {} }
        ],
        "line": 15
      },
      "2": {
        "loc": {
          "start": { "line": 15, "column": 6 },
          "end": { "line": 15, "column": 73 }
        },
        "type": "binary-expr",
        "locations": [
          {
            "start": { "line": 15, "column": 6 },
            "end": { "line": 15, "column": 11 }
          },
          {
            "start": { "line": 15, "column": 15 },
            "end": { "line": 15, "column": 20 }
          },
          {
            "start": { "line": 15, "column": 24 },
            "end": { "line": 15, "column": 30 }
          },
          {
            "start": { "line": 15, "column": 34 },
            "end": { "line": 15, "column": 43 }
          },
          {
            "start": { "line": 15, "column": 47 },
            "end": { "line": 15, "column": 63 }
          },
          {
            "start": { "line": 15, "column": 67 },
            "end": { "line": 15, "column": 73 }
          }
        ],
        "line": 15
      },
      "3": {
        "loc": {
          "start": { "line": 19, "column": 2 },
          "end": { "line": 21, "column": 3 }
        },
        "type": "if",
        "locations": [
          {
            "start": { "line": 19, "column": 2 },
            "end": { "line": 21, "column": 3 }
          },
          { "start": {}, "end": {} }
        ],
        "line": 19
      },
      "4": {
        "loc": {
          "start": { "line": 25, "column": 2 },
          "end": { "line": 29, "column": 3 }
        },
        "type": "if",
        "locations": [
          {
            "start": { "line": 25, "column": 2 },
            "end": { "line": 29, "column": 3 }
          },
          { "start": {}, "end": {} }
        ],
        "line": 25
      },
      "5": {
        "loc": {
          "start": { "line": 34, "column": 4 },
          "end": { "line": 36, "column": 5 }
        },
        "type": "if",
        "locations": [
          {
            "start": { "line": 34, "column": 4 },
            "end": { "line": 36, "column": 5 }
          },
          { "start": {}, "end": {} }
        ],
        "line": 34
      },
      "6": {
        "loc": {
          "start": { "line": 38, "column": 4 },
          "end": { "line": 40, "column": 5 }
        },
        "type": "if",
        "locations": [
          {
            "start": { "line": 38, "column": 4 },
            "end": { "line": 40, "column": 5 }
          },
          { "start": {}, "end": {} }
        ],
        "line": 38
      },
      "7": {
        "loc": {
          "start": { "line": 42, "column": 6 },
          "end": { "line": 66, "column": 5 }
        },
        "type": "if",
        "locations": [
          {
            "start": { "line": 42, "column": 6 },
            "end": { "line": 66, "column": 5 }
          },
          {
            "start": { "line": 50, "column": 13 },
            "end": { "line": 66, "column": 5 }
          }
        ],
        "line": 42
      },
      "8": {
        "loc": {
          "start": { "line": 50, "column": 13 },
          "end": { "line": 66, "column": 5 }
        },
        "type": "if",
        "locations": [
          {
            "start": { "line": 50, "column": 13 },
            "end": { "line": 66, "column": 5 }
          },
          {
            "start": { "line": 58, "column": 13 },
            "end": { "line": 66, "column": 5 }
          }
        ],
        "line": 50
      },
      "9": {
        "loc": {
          "start": { "line": 58, "column": 13 },
          "end": { "line": 66, "column": 5 }
        },
        "type": "if",
        "locations": [
          {
            "start": { "line": 58, "column": 13 },
            "end": { "line": 66, "column": 5 }
          },
          { "start": {}, "end": {} }
        ],
        "line": 58
      },
      "10": {
        "loc": {
          "start": { "line": 90, "column": 4 },
          "end": { "line": 118, "column": 5 }
        },
        "type": "if",
        "locations": [
          {
            "start": { "line": 90, "column": 4 },
            "end": { "line": 118, "column": 5 }
          },
          {
            "start": { "line": 102, "column": 11 },
            "end": { "line": 118, "column": 5 }
          }
        ],
        "line": 90
      },
      "11": {
        "loc": {
          "start": { "line": 97, "column": 6 },
          "end": { "line": 99, "column": 7 }
        },
        "type": "if",
        "locations": [
          {
            "start": { "line": 97, "column": 6 },
            "end": { "line": 99, "column": 7 }
          },
          { "start": {}, "end": {} }
        ],
        "line": 97
      },
      "12": {
        "loc": {
          "start": { "line": 102, "column": 11 },
          "end": { "line": 118, "column": 5 }
        },
        "type": "if",
        "locations": [
          {
            "start": { "line": 102, "column": 11 },
            "end": { "line": 118, "column": 5 }
          },
          {
            "start": { "line": 110, "column": 11 },
            "end": { "line": 118, "column": 5 }
          }
        ],
        "line": 102
      },
      "13": {
        "loc": {
          "start": { "line": 105, "column": 6 },
          "end": { "line": 107, "column": 7 }
        },
        "type": "if",
        "locations": [
          {
            "start": { "line": 105, "column": 6 },
            "end": { "line": 107, "column": 7 }
          },
          { "start": {}, "end": {} }
        ],
        "line": 105
      },
      "14": {
        "loc": {
          "start": { "line": 113, "column": 6 },
          "end": { "line": 115, "column": 7 }
        },
        "type": "if",
        "locations": [
          {
            "start": { "line": 113, "column": 6 },
            "end": { "line": 115, "column": 7 }
          },
          { "start": {}, "end": {} }
        ],
        "line": 113
      }
    },
    "s": {
      "0": 3,
      "1": 3,
      "2": 3,
      "3": 3,
      "4": 3,
      "5": 3,
      "6": 3,
      "7": 3,
      "8": 4,
      "9": 4,
      "10": 0,
      "11": 4,
      "12": 1,
      "13": 3,
      "14": 3,
      "15": 0,
      "16": 3,
      "17": 3,
      "18": 3,
      "19": 0,
      "20": 3,
      "21": 3,
      "22": 0,
      "23": 3,
      "24": 3,
      "25": 0,
      "26": 3,
      "27": 0,
      "28": 3,
      "29": 3,
      "30": 3,
      "31": 3,
      "32": 3,
      "33": 0,
      "34": 0,
      "35": 3,
      "36": 0,
      "37": 0,
      "38": 0,
      "39": 0,
      "40": 0,
      "41": 0,
      "42": 0,
      "43": 0,
      "44": 0,
      "45": 0,
      "46": 0,
      "47": 0,
      "48": 0,
      "49": 0,
      "50": 0,
      "51": 0,
      "52": 0,
      "53": 0,
      "54": 3
    },
    "f": { "0": 3, "1": 4, "2": 0 },
    "b": {
      "0": [0],
      "1": [0, 4],
      "2": [4, 4, 4, 4, 4, 4],
      "3": [1, 3],
      "4": [0, 3],
      "5": [0, 3],
      "6": [0, 3],
      "7": [0, 3],
      "8": [0, 3],
      "9": [3, 0],
      "10": [0, 0],
      "11": [0, 0],
      "12": [0, 0],
      "13": [0, 0],
      "14": [0, 0]
    },
    "_coverageSchema": "1a1c01bbd47fc00a2c39e90264f33305004495a9",
    "hash": "358594ca266e230f37f8205101953a3cb24233ff"
  },
  "/home/rubens/Documentos/GitHub/TabuadaMobile/routes/login.js": {
    "path": "/home/rubens/Documentos/GitHub/TabuadaMobile/routes/login.js",
    "statementMap": {
      "0": {
        "start": { "line": 1, "column": 15 },
        "end": { "line": 1, "column": 42 }
      },
      "1": {
        "start": { "line": 2, "column": 15 },
        "end": { "line": 2, "column": 34 }
      },
      "2": {
        "start": { "line": 3, "column": 13 },
        "end": { "line": 3, "column": 38 }
      },
      "3": {
        "start": { "line": 4, "column": 12 },
        "end": { "line": 4, "column": 35 }
      },
      "4": {
        "start": { "line": 5, "column": 13 },
        "end": { "line": 5, "column": 52 }
      },
      "5": {
        "start": { "line": 6, "column": 15 },
        "end": { "line": 6, "column": 32 }
      },
      "6": {
        "start": { "line": 7, "column": 15 },
        "end": { "line": 7, "column": 43 }
      },
      "7": {
        "start": { "line": 8, "column": 0 },
        "end": { "line": 8, "column": 26 }
      },
      "8": {
        "start": { "line": 9, "column": 13 },
        "end": { "line": 9, "column": 31 }
      },
      "9": {
        "start": { "line": 12, "column": 2 },
        "end": { "line": 14, "column": 4 }
      },
      "10": {
        "start": { "line": 16, "column": 0 },
        "end": { "line": 44, "column": 2 }
      },
      "11": {
        "start": { "line": 17, "column": 28 },
        "end": { "line": 17, "column": 36 }
      },
      "12": {
        "start": { "line": 18, "column": 2 },
        "end": { "line": 20, "column": 3 }
      },
      "13": {
        "start": { "line": 19, "column": 4 },
        "end": { "line": 19, "column": 58 }
      },
      "14": {
        "start": { "line": 21, "column": 2 },
        "end": { "line": 23, "column": 3 }
      },
      "15": {
        "start": { "line": 22, "column": 4 },
        "end": { "line": 22, "column": 57 }
      },
      "16": {
        "start": { "line": 24, "column": 15 },
        "end": { "line": 24, "column": 90 }
      },
      "17": {
        "start": { "line": 25, "column": 2 },
        "end": { "line": 27, "column": 3 }
      },
      "18": {
        "start": { "line": 26, "column": 4 },
        "end": { "line": 26, "column": 64 }
      },
      "19": {
        "start": { "line": 29, "column": 26 },
        "end": { "line": 29, "column": 71 }
      },
      "20": {
        "start": { "line": 30, "column": 2 },
        "end": { "line": 32, "column": 3 }
      },
      "21": {
        "start": { "line": 31, "column": 4 },
        "end": { "line": 31, "column": 56 }
      },
      "22": {
        "start": { "line": 33, "column": 21 },
        "end": { "line": 33, "column": 43 }
      },
      "23": {
        "start": { "line": 34, "column": 19 },
        "end": { "line": 34, "column": 39 }
      },
      "24": {
        "start": { "line": 35, "column": 19 },
        "end": { "line": 35, "column": 39 }
      },
      "25": {
        "start": { "line": 36, "column": 16 },
        "end": { "line": 36, "column": 43 }
      },
      "26": {
        "start": { "line": 37, "column": 2 },
        "end": { "line": 43, "column": 4 }
      },
      "27": {
        "start": { "line": 45, "column": 0 },
        "end": { "line": 51, "column": 2 }
      },
      "28": {
        "start": { "line": 46, "column": 2 },
        "end": { "line": 50, "column": 3 }
      },
      "29": {
        "start": { "line": 47, "column": 4 },
        "end": { "line": 47, "column": 63 }
      },
      "30": {
        "start": { "line": 49, "column": 4 },
        "end": { "line": 49, "column": 56 }
      },
      "31": {
        "start": { "line": 52, "column": 0 },
        "end": { "line": 116, "column": 2 }
      },
      "32": {
        "start": { "line": 53, "column": 20 },
        "end": { "line": 53, "column": 28 }
      },
      "33": {
        "start": { "line": 54, "column": 4 },
        "end": { "line": 56, "column": 3 }
      },
      "34": {
        "start": { "line": 55, "column": 4 },
        "end": { "line": 55, "column": 65 }
      },
      "35": {
        "start": { "line": 57, "column": 2 },
        "end": { "line": 115, "column": 3 }
      },
      "36": {
        "start": { "line": 59, "column": 20 },
        "end": { "line": 59, "column": 47 }
      },
      "37": {
        "start": { "line": 60, "column": 4 },
        "end": { "line": 61, "column": 63 }
      },
      "38": {
        "start": { "line": 61, "column": 6 },
        "end": { "line": 61, "column": 63 }
      },
      "39": {
        "start": { "line": 63, "column": 18 },
        "end": { "line": 63, "column": 56 }
      },
      "40": {
        "start": { "line": 65, "column": 16 },
        "end": { "line": 65, "column": 26 }
      },
      "41": {
        "start": { "line": 66, "column": 4 },
        "end": { "line": 66, "column": 34 }
      },
      "42": {
        "start": { "line": 68, "column": 4 },
        "end": { "line": 73, "column": 6 }
      },
      "43": {
        "start": { "line": 88, "column": 0 },
        "end": { "line": 107, "column": 5 }
      },
      "44": {
        "start": { "line": 89, "column": 6 },
        "end": { "line": 94, "column": 8 }
      },
      "45": {
        "start": { "line": 96, "column": 6 },
        "end": { "line": 99, "column": 8 }
      },
      "46": {
        "start": { "line": 102, "column": 6 },
        "end": { "line": 102, "column": 56 }
      },
      "47": {
        "start": { "line": 106, "column": 6 },
        "end": { "line": 106, "column": 78 }
      },
      "48": {
        "start": { "line": 110, "column": 4 },
        "end": { "line": 110, "column": 52 }
      },
      "49": {
        "start": { "line": 114, "column": 4 },
        "end": { "line": 114, "column": 82 }
      },
      "50": {
        "start": { "line": 117, "column": 0 },
        "end": { "line": 154, "column": 2 }
      },
      "51": {
        "start": { "line": 118, "column": 50 },
        "end": { "line": 118, "column": 58 }
      },
      "52": {
        "start": { "line": 120, "column": 2 },
        "end": { "line": 153, "column": 3 }
      },
      "53": {
        "start": { "line": 121, "column": 20 },
        "end": { "line": 121, "column": 108 }
      },
      "54": {
        "start": { "line": 122, "column": 4 },
        "end": { "line": 123, "column": 61 }
      },
      "55": {
        "start": { "line": 123, "column": 6 },
        "end": { "line": 123, "column": 61 }
      },
      "56": {
        "start": { "line": 125, "column": 4 },
        "end": { "line": 126, "column": 57 }
      },
      "57": {
        "start": { "line": 126, "column": 6 },
        "end": { "line": 126, "column": 57 }
      },
      "58": {
        "start": { "line": 127, "column": 4 },
        "end": { "line": 128, "column": 74 }
      },
      "59": {
        "start": { "line": 128, "column": 6 },
        "end": { "line": 128, "column": 74 }
      },
      "60": {
        "start": { "line": 130, "column": 4 },
        "end": { "line": 131, "column": 83 }
      },
      "61": {
        "start": { "line": 131, "column": 6 },
        "end": { "line": 131, "column": 83 }
      },
      "62": {
        "start": { "line": 133, "column": 16 },
        "end": { "line": 133, "column": 26 }
      },
      "63": {
        "start": { "line": 134, "column": 4 },
        "end": { "line": 135, "column": 77 }
      },
      "64": {
        "start": { "line": 135, "column": 6 },
        "end": { "line": 135, "column": 77 }
      },
      "65": {
        "start": { "line": 137, "column": 18 },
        "end": { "line": 137, "column": 106 }
      },
      "66": {
        "start": { "line": 138, "column": 4 },
        "end": { "line": 140, "column": 5 }
      },
      "67": {
        "start": { "line": 139, "column": 6 },
        "end": { "line": 139, "column": 86 }
      },
      "68": {
        "start": { "line": 141, "column": 24 },
        "end": { "line": 141, "column": 72 }
      },
      "69": {
        "start": { "line": 142, "column": 4 },
        "end": { "line": 144, "column": 5 }
      },
      "70": {
        "start": { "line": 143, "column": 6 },
        "end": { "line": 143, "column": 72 }
      },
      "71": {
        "start": { "line": 145, "column": 4 },
        "end": { "line": 145, "column": 31 }
      },
      "72": {
        "start": { "line": 147, "column": 4 },
        "end": { "line": 147, "column": 24 }
      },
      "73": {
        "start": { "line": 148, "column": 4 },
        "end": { "line": 148, "column": 49 }
      },
      "74": {
        "start": { "line": 152, "column": 4 },
        "end": { "line": 152, "column": 95 }
      },
      "75": {
        "start": { "line": 155, "column": 0 },
        "end": { "line": 169, "column": 2 }
      },
      "76": {
        "start": { "line": 156, "column": 2 },
        "end": { "line": 168, "column": 3 }
      },
      "77": {
        "start": { "line": 157, "column": 17 },
        "end": { "line": 163, "column": 6 }
      },
      "78": {
        "start": { "line": 164, "column": 4 },
        "end": { "line": 164, "column": 76 }
      },
      "79": {
        "start": { "line": 164, "column": 14 },
        "end": { "line": 164, "column": 76 }
      },
      "80": {
        "start": { "line": 165, "column": 4 },
        "end": { "line": 165, "column": 32 }
      },
      "81": {
        "start": { "line": 167, "column": 4 },
        "end": { "line": 167, "column": 66 }
      },
      "82": {
        "start": { "line": 170, "column": 0 },
        "end": { "line": 170, "column": 23 }
      }
    },
    "fnMap": {
      "0": {
        "name": "generateToken",
        "decl": {
          "start": { "line": 11, "column": 9 },
          "end": { "line": 11, "column": 22 }
        },
        "loc": {
          "start": { "line": 11, "column": 36 },
          "end": { "line": 15, "column": 1 }
        },
        "line": 11
      },
      "1": {
        "name": "(anonymous_1)",
        "decl": {
          "start": { "line": 16, "column": 17 },
          "end": { "line": 16, "column": 18 }
        },
        "loc": {
          "start": { "line": 16, "column": 34 },
          "end": { "line": 44, "column": 1 }
        },
        "line": 16
      },
      "2": {
        "name": "(anonymous_2)",
        "decl": {
          "start": { "line": 45, "column": 29 },
          "end": { "line": 45, "column": 30 }
        },
        "loc": {
          "start": { "line": 45, "column": 43 },
          "end": { "line": 51, "column": 1 }
        },
        "line": 45
      },
      "3": {
        "name": "(anonymous_3)",
        "decl": {
          "start": { "line": 52, "column": 32 },
          "end": { "line": 52, "column": 33 }
        },
        "loc": {
          "start": { "line": 52, "column": 50 },
          "end": { "line": 116, "column": 1 }
        },
        "line": 52
      },
      "4": {
        "name": "(anonymous_4)",
        "decl": {
          "start": { "line": 117, "column": 31 },
          "end": { "line": 117, "column": 32 }
        },
        "loc": {
          "start": { "line": 117, "column": 51 },
          "end": { "line": 154, "column": 1 }
        },
        "line": 117
      },
      "5": {
        "name": "(anonymous_5)",
        "decl": {
          "start": { "line": 155, "column": 19 },
          "end": { "line": 155, "column": 20 }
        },
        "loc": {
          "start": { "line": 155, "column": 36 },
          "end": { "line": 169, "column": 1 }
        },
        "line": 155
      }
    },
    "branchMap": {
      "0": {
        "loc": {
          "start": { "line": 11, "column": 23 },
          "end": { "line": 11, "column": 35 }
        },
        "type": "default-arg",
        "locations": [
          {
            "start": { "line": 11, "column": 32 },
            "end": { "line": 11, "column": 35 }
          }
        ],
        "line": 11
      },
      "1": {
        "loc": {
          "start": { "line": 18, "column": 2 },
          "end": { "line": 20, "column": 3 }
        },
        "type": "if",
        "locations": [
          {
            "start": { "line": 18, "column": 2 },
            "end": { "line": 20, "column": 3 }
          },
          { "start": {}, "end": {} }
        ],
        "line": 18
      },
      "2": {
        "loc": {
          "start": { "line": 21, "column": 2 },
          "end": { "line": 23, "column": 3 }
        },
        "type": "if",
        "locations": [
          {
            "start": { "line": 21, "column": 2 },
            "end": { "line": 23, "column": 3 }
          },
          { "start": {}, "end": {} }
        ],
        "line": 21
      },
      "3": {
        "loc": {
          "start": { "line": 25, "column": 2 },
          "end": { "line": 27, "column": 3 }
        },
        "type": "if",
        "locations": [
          {
            "start": { "line": 25, "column": 2 },
            "end": { "line": 27, "column": 3 }
          },
          { "start": {}, "end": {} }
        ],
        "line": 25
      },
      "4": {
        "loc": {
          "start": { "line": 30, "column": 2 },
          "end": { "line": 32, "column": 3 }
        },
        "type": "if",
        "locations": [
          {
            "start": { "line": 30, "column": 2 },
            "end": { "line": 32, "column": 3 }
          },
          { "start": {}, "end": {} }
        ],
        "line": 30
      },
      "5": {
        "loc": {
          "start": { "line": 33, "column": 21 },
          "end": { "line": 33, "column": 43 }
        },
        "type": "binary-expr",
        "locations": [
          {
            "start": { "line": 33, "column": 21 },
            "end": { "line": 33, "column": 38 }
          },
          {
            "start": { "line": 33, "column": 42 },
            "end": { "line": 33, "column": 43 }
          }
        ],
        "line": 33
      },
      "6": {
        "loc": {
          "start": { "line": 34, "column": 19 },
          "end": { "line": 34, "column": 39 }
        },
        "type": "binary-expr",
        "locations": [
          {
            "start": { "line": 34, "column": 19 },
            "end": { "line": 34, "column": 34 }
          },
          {
            "start": { "line": 34, "column": 38 },
            "end": { "line": 34, "column": 39 }
          }
        ],
        "line": 34
      },
      "7": {
        "loc": {
          "start": { "line": 35, "column": 19 },
          "end": { "line": 35, "column": 39 }
        },
        "type": "binary-expr",
        "locations": [
          {
            "start": { "line": 35, "column": 19 },
            "end": { "line": 35, "column": 34 }
          },
          {
            "start": { "line": 35, "column": 38 },
            "end": { "line": 35, "column": 39 }
          }
        ],
        "line": 35
      },
      "8": {
        "loc": {
          "start": { "line": 46, "column": 2 },
          "end": { "line": 50, "column": 3 }
        },
        "type": "if",
        "locations": [
          {
            "start": { "line": 46, "column": 2 },
            "end": { "line": 50, "column": 3 }
          },
          {
            "start": { "line": 48, "column": 9 },
            "end": { "line": 50, "column": 3 }
          }
        ],
        "line": 46
      },
      "9": {
        "loc": {
          "start": { "line": 54, "column": 4 },
          "end": { "line": 56, "column": 3 }
        },
        "type": "if",
        "locations": [
          {
            "start": { "line": 54, "column": 4 },
            "end": { "line": 56, "column": 3 }
          },
          { "start": {}, "end": {} }
        ],
        "line": 54
      },
      "10": {
        "loc": {
          "start": { "line": 60, "column": 4 },
          "end": { "line": 61, "column": 63 }
        },
        "type": "if",
        "locations": [
          {
            "start": { "line": 60, "column": 4 },
            "end": { "line": 61, "column": 63 }
          },
          { "start": {}, "end": {} }
        ],
        "line": 60
      },
      "11": {
        "loc": {
          "start": { "line": 122, "column": 4 },
          "end": { "line": 123, "column": 61 }
        },
        "type": "if",
        "locations": [
          {
            "start": { "line": 122, "column": 4 },
            "end": { "line": 123, "column": 61 }
          },
          { "start": {}, "end": {} }
        ],
        "line": 122
      },
      "12": {
        "loc": {
          "start": { "line": 125, "column": 4 },
          "end": { "line": 126, "column": 57 }
        },
        "type": "if",
        "locations": [
          {
            "start": { "line": 125, "column": 4 },
            "end": { "line": 126, "column": 57 }
          },
          { "start": {}, "end": {} }
        ],
        "line": 125
      },
      "13": {
        "loc": {
          "start": { "line": 127, "column": 4 },
          "end": { "line": 128, "column": 74 }
        },
        "type": "if",
        "locations": [
          {
            "start": { "line": 127, "column": 4 },
            "end": { "line": 128, "column": 74 }
          },
          { "start": {}, "end": {} }
        ],
        "line": 127
      },
      "14": {
        "loc": {
          "start": { "line": 130, "column": 4 },
          "end": { "line": 131, "column": 83 }
        },
        "type": "if",
        "locations": [
          {
            "start": { "line": 130, "column": 4 },
            "end": { "line": 131, "column": 83 }
          },
          { "start": {}, "end": {} }
        ],
        "line": 130
      },
      "15": {
        "loc": {
          "start": { "line": 134, "column": 4 },
          "end": { "line": 135, "column": 77 }
        },
        "type": "if",
        "locations": [
          {
            "start": { "line": 134, "column": 4 },
            "end": { "line": 135, "column": 77 }
          },
          { "start": {}, "end": {} }
        ],
        "line": 134
      },
      "16": {
        "loc": {
          "start": { "line": 138, "column": 4 },
          "end": { "line": 140, "column": 5 }
        },
        "type": "if",
        "locations": [
          {
            "start": { "line": 138, "column": 4 },
            "end": { "line": 140, "column": 5 }
          },
          { "start": {}, "end": {} }
        ],
        "line": 138
      },
      "17": {
        "loc": {
          "start": { "line": 142, "column": 4 },
          "end": { "line": 144, "column": 5 }
        },
        "type": "if",
        "locations": [
          {
            "start": { "line": 142, "column": 4 },
            "end": { "line": 144, "column": 5 }
          },
          { "start": {}, "end": {} }
        ],
        "line": 142
      },
      "18": {
        "loc": {
          "start": { "line": 164, "column": 4 },
          "end": { "line": 164, "column": 76 }
        },
        "type": "if",
        "locations": [
          {
            "start": { "line": 164, "column": 4 },
            "end": { "line": 164, "column": 76 }
          },
          { "start": {}, "end": {} }
        ],
        "line": 164
      }
    },
    "s": {
      "0": 3,
      "1": 3,
      "2": 3,
      "3": 3,
      "4": 3,
      "5": 3,
      "6": 3,
      "7": 3,
      "8": 3,
      "9": 1,
      "10": 3,
      "11": 2,
      "12": 2,
      "13": 0,
      "14": 2,
      "15": 0,
      "16": 2,
      "17": 2,
      "18": 0,
      "19": 2,
      "20": 2,
      "21": 1,
      "22": 1,
      "23": 1,
      "24": 1,
      "25": 1,
      "26": 1,
      "27": 3,
      "28": 0,
      "29": 0,
      "30": 0,
      "31": 3,
      "32": 1,
      "33": 1,
      "34": 0,
      "35": 1,
      "36": 1,
      "37": 1,
      "38": 0,
      "39": 1,
      "40": 1,
      "41": 1,
      "42": 1,
      "43": 1,
      "44": 1,
      "45": 1,
      "46": 0,
      "47": 0,
      "48": 0,
      "49": 0,
      "50": 3,
      "51": 0,
      "52": 0,
      "53": 0,
      "54": 0,
      "55": 0,
      "56": 0,
      "57": 0,
      "58": 0,
      "59": 0,
      "60": 0,
      "61": 0,
      "62": 0,
      "63": 0,
      "64": 0,
      "65": 0,
      "66": 0,
      "67": 0,
      "68": 0,
      "69": 0,
      "70": 0,
      "71": 0,
      "72": 0,
      "73": 0,
      "74": 0,
      "75": 3,
      "76": 1,
      "77": 1,
      "78": 1,
      "79": 0,
      "80": 1,
      "81": 0,
      "82": 3
    },
    "f": { "0": 1, "1": 2, "2": 0, "3": 1, "4": 0, "5": 1 },
    "b": {
      "0": [0],
      "1": [0, 2],
      "2": [0, 2],
      "3": [0, 2],
      "4": [1, 1],
      "5": [1, 1],
      "6": [1, 1],
      "7": [1, 1],
      "8": [0, 0],
      "9": [0, 1],
      "10": [0, 1],
      "11": [0, 0],
      "12": [0, 0],
      "13": [0, 0],
      "14": [0, 0],
      "15": [0, 0],
      "16": [0, 0],
      "17": [0, 0],
      "18": [0, 1]
    },
    "_coverageSchema": "1a1c01bbd47fc00a2c39e90264f33305004495a9",
    "hash": "552fcced923838d630caa6f7e5343b061219beef"
  },
  "/home/rubens/Documentos/GitHub/TabuadaMobile/routes/permissoes.js": {
    "path": "/home/rubens/Documentos/GitHub/TabuadaMobile/routes/permissoes.js",
    "statementMap": {
      "0": {
        "start": { "line": 1, "column": 15 },
        "end": { "line": 1, "column": 42 }
      },
      "1": {
        "start": { "line": 2, "column": 13 },
        "end": { "line": 2, "column": 38 }
      },
      "2": {
        "start": { "line": 3, "column": 13 },
        "end": { "line": 3, "column": 52 }
      },
      "3": {
        "start": { "line": 5, "column": 0 },
        "end": { "line": 18, "column": 3 }
      },
      "4": {
        "start": { "line": 7, "column": 44 },
        "end": { "line": 7, "column": 52 }
      },
      "5": {
        "start": { "line": 9, "column": 2 },
        "end": { "line": 17, "column": 3 }
      },
      "6": {
        "start": { "line": 10, "column": 18 },
        "end": { "line": 10, "column": 46 }
      },
      "7": {
        "start": { "line": 11, "column": 4 },
        "end": { "line": 11, "column": 83 }
      },
      "8": {
        "start": { "line": 11, "column": 16 },
        "end": { "line": 11, "column": 83 }
      },
      "9": {
        "start": { "line": 12, "column": 4 },
        "end": { "line": 12, "column": 31 }
      },
      "10": {
        "start": { "line": 13, "column": 4 },
        "end": { "line": 13, "column": 23 }
      },
      "11": {
        "start": { "line": 14, "column": 4 },
        "end": { "line": 14, "column": 79 }
      },
      "12": {
        "start": { "line": 16, "column": 6 },
        "end": { "line": 16, "column": 97 }
      },
      "13": {
        "start": { "line": 20, "column": 0 },
        "end": { "line": 20, "column": 23 }
      }
    },
    "fnMap": {
      "0": {
        "name": "(anonymous_0)",
        "decl": {
          "start": { "line": 5, "column": 23 },
          "end": { "line": 5, "column": 24 }
        },
        "loc": {
          "start": { "line": 5, "column": 43 },
          "end": { "line": 18, "column": 1 }
        },
        "line": 5
      }
    },
    "branchMap": {
      "0": {
        "loc": {
          "start": { "line": 11, "column": 4 },
          "end": { "line": 11, "column": 83 }
        },
        "type": "if",
        "locations": [
          {
            "start": { "line": 11, "column": 4 },
            "end": { "line": 11, "column": 83 }
          },
          { "start": {}, "end": {} }
        ],
        "line": 11
      }
    },
    "s": {
      "0": 3,
      "1": 3,
      "2": 3,
      "3": 3,
      "4": 0,
      "5": 0,
      "6": 0,
      "7": 0,
      "8": 0,
      "9": 0,
      "10": 0,
      "11": 0,
      "12": 0,
      "13": 3
    },
    "f": { "0": 0 },
    "b": { "0": [0, 0] },
    "_coverageSchema": "1a1c01bbd47fc00a2c39e90264f33305004495a9",
    "hash": "da388fe968d89ec21d9a8e4f10087e166aa0125a"
  },
  "/home/rubens/Documentos/GitHub/TabuadaMobile/routes/round.js": {
    "path": "/home/rubens/Documentos/GitHub/TabuadaMobile/routes/round.js",
    "statementMap": {
      "0": {
        "start": { "line": 1, "column": 15 },
        "end": { "line": 1, "column": 42 }
      },
      "1": {
        "start": { "line": 2, "column": 14 },
        "end": { "line": 2, "column": 40 }
      },
      "2": {
        "start": { "line": 3, "column": 13 },
        "end": { "line": 3, "column": 38 }
      },
      "3": {
        "start": { "line": 4, "column": 17 },
        "end": { "line": 4, "column": 46 }
      },
      "4": {
        "start": { "line": 6, "column": 0 },
        "end": { "line": 28, "column": 2 }
      },
      "5": {
        "start": { "line": 7, "column": 0 },
        "end": { "line": 27, "column": 3 }
      },
      "6": {
        "start": { "line": 8, "column": 79 },
        "end": { "line": 8, "column": 87 }
      },
      "7": {
        "start": { "line": 9, "column": 15 },
        "end": { "line": 9, "column": 42 }
      },
      "8": {
        "start": { "line": 10, "column": 2 },
        "end": { "line": 12, "column": 3 }
      },
      "9": {
        "start": { "line": 11, "column": 4 },
        "end": { "line": 11, "column": 67 }
      },
      "10": {
        "start": { "line": 13, "column": 2 },
        "end": { "line": 13, "column": 48 }
      },
      "11": {
        "start": { "line": 13, "column": 29 },
        "end": { "line": 13, "column": 48 }
      },
      "12": {
        "start": { "line": 14, "column": 2 },
        "end": { "line": 14, "column": 52 }
      },
      "13": {
        "start": { "line": 14, "column": 31 },
        "end": { "line": 14, "column": 52 }
      },
      "14": {
        "start": { "line": 15, "column": 2 },
        "end": { "line": 15, "column": 48 }
      },
      "15": {
        "start": { "line": 15, "column": 29 },
        "end": { "line": 15, "column": 48 }
      },
      "16": {
        "start": { "line": 16, "column": 2 },
        "end": { "line": 16, "column": 30 }
      },
      "17": {
        "start": { "line": 17, "column": 2 },
        "end": { "line": 17, "column": 34 }
      },
      "18": {
        "start": { "line": 18, "column": 2 },
        "end": { "line": 18, "column": 30 }
      },
      "19": {
        "start": { "line": 19, "column": 16 },
        "end": { "line": 19, "column": 73 }
      },
      "20": {
        "start": { "line": 20, "column": 2 },
        "end": { "line": 20, "column": 20 }
      },
      "21": {
        "start": { "line": 21, "column": 2 },
        "end": { "line": 21, "column": 25 }
      },
      "22": {
        "start": { "line": 22, "column": 2 },
        "end": { "line": 22, "column": 19 }
      },
      "23": {
        "start": { "line": 23, "column": 2 },
        "end": { "line": 23, "column": 31 }
      },
      "24": {
        "start": { "line": 25, "column": 4 },
        "end": { "line": 25, "column": 24 }
      },
      "25": {
        "start": { "line": 26, "column": 4 },
        "end": { "line": 26, "column": 76 }
      },
      "26": {
        "start": { "line": 30, "column": 0 },
        "end": { "line": 43, "column": 2 }
      },
      "27": {
        "start": { "line": 31, "column": 2 },
        "end": { "line": 42, "column": 3 }
      },
      "28": {
        "start": { "line": 33, "column": 18 },
        "end": { "line": 33, "column": 53 }
      },
      "29": {
        "start": { "line": 34, "column": 4 },
        "end": { "line": 37, "column": 5 }
      },
      "30": {
        "start": { "line": 35, "column": 6 },
        "end": { "line": 35, "column": 67 }
      },
      "31": {
        "start": { "line": 36, "column": 6 },
        "end": { "line": 36, "column": 12 }
      },
      "32": {
        "start": { "line": 38, "column": 4 },
        "end": { "line": 38, "column": 31 }
      },
      "33": {
        "start": { "line": 41, "column": 4 },
        "end": { "line": 41, "column": 40 }
      },
      "34": {
        "start": { "line": 45, "column": 0 },
        "end": { "line": 60, "column": 2 }
      },
      "35": {
        "start": { "line": 46, "column": 13 },
        "end": { "line": 46, "column": 26 }
      },
      "36": {
        "start": { "line": 48, "column": 16 },
        "end": { "line": 48, "column": 63 }
      },
      "37": {
        "start": { "line": 49, "column": 2 },
        "end": { "line": 52, "column": 3 }
      },
      "38": {
        "start": { "line": 50, "column": 4 },
        "end": { "line": 50, "column": 61 }
      },
      "39": {
        "start": { "line": 51, "column": 4 },
        "end": { "line": 51, "column": 10 }
      },
      "40": {
        "start": { "line": 54, "column": 2 },
        "end": { "line": 59, "column": 3 }
      },
      "41": {
        "start": { "line": 55, "column": 4 },
        "end": { "line": 55, "column": 36 }
      },
      "42": {
        "start": { "line": 56, "column": 4 },
        "end": { "line": 56, "column": 54 }
      },
      "43": {
        "start": { "line": 58, "column": 4 },
        "end": { "line": 58, "column": 40 }
      },
      "44": {
        "start": { "line": 62, "column": 0 },
        "end": { "line": 101, "column": 3 }
      },
      "45": {
        "start": { "line": 63, "column": 49 },
        "end": { "line": 63, "column": 57 }
      },
      "46": {
        "start": { "line": 65, "column": 2 },
        "end": { "line": 100, "column": 3 }
      },
      "47": {
        "start": { "line": 66, "column": 17 },
        "end": { "line": 66, "column": 44 }
      },
      "48": {
        "start": { "line": 67, "column": 4 },
        "end": { "line": 69, "column": 5 }
      },
      "49": {
        "start": { "line": 68, "column": 6 },
        "end": { "line": 68, "column": 69 }
      },
      "50": {
        "start": { "line": 72, "column": 22 },
        "end": { "line": 79, "column": 6 }
      },
      "51": {
        "start": { "line": 82, "column": 4 },
        "end": { "line": 82, "column": 27 }
      },
      "52": {
        "start": { "line": 85, "column": 4 },
        "end": { "line": 85, "column": 47 }
      },
      "53": {
        "start": { "line": 86, "column": 4 },
        "end": { "line": 86, "column": 22 }
      },
      "54": {
        "start": { "line": 89, "column": 18 },
        "end": { "line": 89, "column": 47 }
      },
      "55": {
        "start": { "line": 90, "column": 4 },
        "end": { "line": 92, "column": 5 }
      },
      "56": {
        "start": { "line": 91, "column": 6 },
        "end": { "line": 91, "column": 68 }
      },
      "57": {
        "start": { "line": 93, "column": 4 },
        "end": { "line": 93, "column": 43 }
      },
      "58": {
        "start": { "line": 94, "column": 4 },
        "end": { "line": 94, "column": 23 }
      },
      "59": {
        "start": { "line": 96, "column": 4 },
        "end": { "line": 96, "column": 59 }
      },
      "60": {
        "start": { "line": 98, "column": 4 },
        "end": { "line": 98, "column": 25 }
      },
      "61": {
        "start": { "line": 99, "column": 4 },
        "end": { "line": 99, "column": 82 }
      },
      "62": {
        "start": { "line": 104, "column": 0 },
        "end": { "line": 114, "column": 2 }
      },
      "63": {
        "start": { "line": 105, "column": 2 },
        "end": { "line": 113, "column": 3 }
      },
      "64": {
        "start": { "line": 107, "column": 21 },
        "end": { "line": 107, "column": 66 }
      },
      "65": {
        "start": { "line": 108, "column": 4 },
        "end": { "line": 108, "column": 110 }
      },
      "66": {
        "start": { "line": 108, "column": 43 },
        "end": { "line": 108, "column": 110 }
      },
      "67": {
        "start": { "line": 109, "column": 4 },
        "end": { "line": 109, "column": 34 }
      },
      "68": {
        "start": { "line": 112, "column": 4 },
        "end": { "line": 112, "column": 40 }
      },
      "69": {
        "start": { "line": 116, "column": 0 },
        "end": { "line": 126, "column": 3 }
      },
      "70": {
        "start": { "line": 117, "column": 2 },
        "end": { "line": 125, "column": 3 }
      },
      "71": {
        "start": { "line": 118, "column": 18 },
        "end": { "line": 118, "column": 83 }
      },
      "72": {
        "start": { "line": 120, "column": 4 },
        "end": { "line": 120, "column": 79 }
      },
      "73": {
        "start": { "line": 120, "column": 16 },
        "end": { "line": 120, "column": 79 }
      },
      "74": {
        "start": { "line": 122, "column": 4 },
        "end": { "line": 122, "column": 36 }
      },
      "75": {
        "start": { "line": 124, "column": 4 },
        "end": { "line": 124, "column": 70 }
      },
      "76": {
        "start": { "line": 128, "column": 0 },
        "end": { "line": 128, "column": 23 }
      }
    },
    "fnMap": {
      "0": {
        "name": "(anonymous_0)",
        "decl": {
          "start": { "line": 6, "column": 17 },
          "end": { "line": 6, "column": 18 }
        },
        "loc": {
          "start": { "line": 6, "column": 37 },
          "end": { "line": 28, "column": 1 }
        },
        "line": 6
      },
      "1": {
        "name": "(anonymous_1)",
        "decl": {
          "start": { "line": 30, "column": 16 },
          "end": { "line": 30, "column": 17 }
        },
        "loc": {
          "start": { "line": 30, "column": 36 },
          "end": { "line": 43, "column": 1 }
        },
        "line": 30
      },
      "2": {
        "name": "(anonymous_2)",
        "decl": {
          "start": { "line": 45, "column": 22 },
          "end": { "line": 45, "column": 23 }
        },
        "loc": {
          "start": { "line": 45, "column": 42 },
          "end": { "line": 60, "column": 1 }
        },
        "line": 45
      },
      "3": {
        "name": "(anonymous_3)",
        "decl": {
          "start": { "line": 62, "column": 36 },
          "end": { "line": 62, "column": 37 }
        },
        "loc": {
          "start": { "line": 62, "column": 56 },
          "end": { "line": 101, "column": 1 }
        },
        "line": 62
      },
      "4": {
        "name": "(anonymous_4)",
        "decl": {
          "start": { "line": 104, "column": 35 },
          "end": { "line": 104, "column": 36 }
        },
        "loc": {
          "start": { "line": 104, "column": 54 },
          "end": { "line": 114, "column": 1 }
        },
        "line": 104
      },
      "5": {
        "name": "(anonymous_5)",
        "decl": {
          "start": { "line": 116, "column": 19 },
          "end": { "line": 116, "column": 20 }
        },
        "loc": {
          "start": { "line": 116, "column": 39 },
          "end": { "line": 126, "column": 1 }
        },
        "line": 116
      }
    },
    "branchMap": {
      "0": {
        "loc": {
          "start": { "line": 10, "column": 2 },
          "end": { "line": 12, "column": 3 }
        },
        "type": "if",
        "locations": [
          {
            "start": { "line": 10, "column": 2 },
            "end": { "line": 12, "column": 3 }
          },
          { "start": {}, "end": {} }
        ],
        "line": 10
      },
      "1": {
        "loc": {
          "start": { "line": 13, "column": 2 },
          "end": { "line": 13, "column": 48 }
        },
        "type": "if",
        "locations": [
          {
            "start": { "line": 13, "column": 2 },
            "end": { "line": 13, "column": 48 }
          },
          { "start": {}, "end": {} }
        ],
        "line": 13
      },
      "2": {
        "loc": {
          "start": { "line": 14, "column": 2 },
          "end": { "line": 14, "column": 52 }
        },
        "type": "if",
        "locations": [
          {
            "start": { "line": 14, "column": 2 },
            "end": { "line": 14, "column": 52 }
          },
          { "start": {}, "end": {} }
        ],
        "line": 14
      },
      "3": {
        "loc": {
          "start": { "line": 15, "column": 2 },
          "end": { "line": 15, "column": 48 }
        },
        "type": "if",
        "locations": [
          {
            "start": { "line": 15, "column": 2 },
            "end": { "line": 15, "column": 48 }
          },
          { "start": {}, "end": {} }
        ],
        "line": 15
      },
      "4": {
        "loc": {
          "start": { "line": 34, "column": 4 },
          "end": { "line": 37, "column": 5 }
        },
        "type": "if",
        "locations": [
          {
            "start": { "line": 34, "column": 4 },
            "end": { "line": 37, "column": 5 }
          },
          { "start": {}, "end": {} }
        ],
        "line": 34
      },
      "5": {
        "loc": {
          "start": { "line": 49, "column": 2 },
          "end": { "line": 52, "column": 3 }
        },
        "type": "if",
        "locations": [
          {
            "start": { "line": 49, "column": 2 },
            "end": { "line": 52, "column": 3 }
          },
          { "start": {}, "end": {} }
        ],
        "line": 49
      },
      "6": {
        "loc": {
          "start": { "line": 67, "column": 4 },
          "end": { "line": 69, "column": 5 }
        },
        "type": "if",
        "locations": [
          {
            "start": { "line": 67, "column": 4 },
            "end": { "line": 69, "column": 5 }
          },
          { "start": {}, "end": {} }
        ],
        "line": 67
      },
      "7": {
        "loc": {
          "start": { "line": 90, "column": 4 },
          "end": { "line": 92, "column": 5 }
        },
        "type": "if",
        "locations": [
          {
            "start": { "line": 90, "column": 4 },
            "end": { "line": 92, "column": 5 }
          },
          { "start": {}, "end": {} }
        ],
        "line": 90
      },
      "8": {
        "loc": {
          "start": { "line": 108, "column": 4 },
          "end": { "line": 108, "column": 110 }
        },
        "type": "if",
        "locations": [
          {
            "start": { "line": 108, "column": 4 },
            "end": { "line": 108, "column": 110 }
          },
          { "start": {}, "end": {} }
        ],
        "line": 108
      },
      "9": {
        "loc": {
          "start": { "line": 108, "column": 7 },
          "end": { "line": 108, "column": 41 }
        },
        "type": "binary-expr",
        "locations": [
          {
            "start": { "line": 108, "column": 7 },
            "end": { "line": 108, "column": 16 }
          },
          {
            "start": { "line": 108, "column": 20 },
            "end": { "line": 108, "column": 41 }
          }
        ],
        "line": 108
      },
      "10": {
        "loc": {
          "start": { "line": 120, "column": 4 },
          "end": { "line": 120, "column": 79 }
        },
        "type": "if",
        "locations": [
          {
            "start": { "line": 120, "column": 4 },
            "end": { "line": 120, "column": 79 }
          },
          { "start": {}, "end": {} }
        ],
        "line": 120
      }
    },
    "s": {
      "0": 3,
      "1": 3,
      "2": 3,
      "3": 3,
      "4": 3,
      "5": 1,
      "6": 1,
      "7": 1,
      "8": 1,
      "9": 0,
      "10": 1,
      "11": 1,
      "12": 1,
      "13": 1,
      "14": 1,
      "15": 1,
      "16": 1,
      "17": 1,
      "18": 1,
      "19": 1,
      "20": 1,
      "21": 1,
      "22": 1,
      "23": 1,
      "24": 0,
      "25": 0,
      "26": 3,
      "27": 0,
      "28": 0,
      "29": 0,
      "30": 0,
      "31": 0,
      "32": 0,
      "33": 0,
      "34": 3,
      "35": 0,
      "36": 0,
      "37": 0,
      "38": 0,
      "39": 0,
      "40": 0,
      "41": 0,
      "42": 0,
      "43": 0,
      "44": 3,
      "45": 1,
      "46": 1,
      "47": 1,
      "48": 1,
      "49": 0,
      "50": 1,
      "51": 1,
      "52": 1,
      "53": 1,
      "54": 1,
      "55": 1,
      "56": 0,
      "57": 1,
      "58": 1,
      "59": 1,
      "60": 0,
      "61": 0,
      "62": 3,
      "63": 0,
      "64": 0,
      "65": 0,
      "66": 0,
      "67": 0,
      "68": 0,
      "69": 3,
      "70": 0,
      "71": 0,
      "72": 0,
      "73": 0,
      "74": 0,
      "75": 0,
      "76": 3
    },
    "f": { "0": 1, "1": 0, "2": 0, "3": 1, "4": 0, "5": 0 },
    "b": {
      "0": [0, 1],
      "1": [1, 0],
      "2": [1, 0],
      "3": [1, 0],
      "4": [0, 0],
      "5": [0, 0],
      "6": [0, 1],
      "7": [0, 1],
      "8": [0, 0],
      "9": [0, 0],
      "10": [0, 0]
    },
    "_coverageSchema": "1a1c01bbd47fc00a2c39e90264f33305004495a9",
    "hash": "11d56d3487bf78e606dfe683b7921e99de296e65"
  },
  "/home/rubens/Documentos/GitHub/TabuadaMobile/tests/test-setup.js": {
    "path": "/home/rubens/Documentos/GitHub/TabuadaMobile/tests/test-setup.js",
    "statementMap": {
      "0": {
        "start": { "line": 1, "column": 17 },
        "end": { "line": 1, "column": 36 }
      },
      "1": {
        "start": { "line": 2, "column": 16 },
        "end": { "line": 2, "column": 34 }
      },
      "2": {
        "start": { "line": 3, "column": 19 },
        "end": { "line": 3, "column": 41 }
      },
      "3": {
        "start": { "line": 4, "column": 21 },
        "end": { "line": 4, "column": 45 }
      },
      "4": {
        "start": { "line": 6, "column": 29 },
        "end": { "line": 6, "column": 72 }
      },
      "5": {
        "start": { "line": 10, "column": 19 },
        "end": { "line": 10, "column": 40 }
      },
      "6": {
        "start": { "line": 12, "column": 2 },
        "end": { "line": 18, "column": 3 }
      },
      "7": {
        "start": { "line": 13, "column": 4 },
        "end": { "line": 13, "column": 36 }
      },
      "8": {
        "start": { "line": 15, "column": 34 },
        "end": { "line": 15, "column": 66 }
      },
      "9": {
        "start": { "line": 16, "column": 4 },
        "end": { "line": 16, "column": 90 }
      },
      "10": {
        "start": { "line": 17, "column": 4 },
        "end": { "line": 17, "column": 43 }
      },
      "11": {
        "start": { "line": 20, "column": 14 },
        "end": { "line": 20, "column": 23 }
      },
      "12": {
        "start": { "line": 21, "column": 2 },
        "end": { "line": 21, "column": 28 }
      },
      "13": {
        "start": { "line": 22, "column": 2 },
        "end": { "line": 22, "column": 25 }
      },
      "14": {
        "start": { "line": 24, "column": 21 },
        "end": { "line": 24, "column": 52 }
      },
      "15": {
        "start": { "line": 25, "column": 16 },
        "end": { "line": 25, "column": 42 }
      },
      "16": {
        "start": { "line": 26, "column": 16 },
        "end": { "line": 26, "column": 42 }
      },
      "17": {
        "start": { "line": 27, "column": 18 },
        "end": { "line": 27, "column": 49 }
      },
      "18": {
        "start": { "line": 29, "column": 2 },
        "end": { "line": 29, "column": 39 }
      },
      "19": {
        "start": { "line": 30, "column": 2 },
        "end": { "line": 30, "column": 31 }
      },
      "20": {
        "start": { "line": 31, "column": 2 },
        "end": { "line": 31, "column": 26 }
      },
      "21": {
        "start": { "line": 32, "column": 2 },
        "end": { "line": 32, "column": 30 }
      },
      "22": {
        "start": { "line": 34, "column": 2 },
        "end": { "line": 34, "column": 22 }
      },
      "23": {
        "start": { "line": 35, "column": 2 },
        "end": { "line": 35, "column": 12 }
      },
      "24": {
        "start": { "line": 38, "column": 0 },
        "end": { "line": 38, "column": 34 }
      }
    },
    "fnMap": {
      "0": {
        "name": "createTestApp",
        "decl": {
          "start": { "line": 8, "column": 15 },
          "end": { "line": 8, "column": 28 }
        },
        "loc": {
          "start": { "line": 8, "column": 31 },
          "end": { "line": 36, "column": 1 }
        },
        "line": 8
      }
    },
    "branchMap": {
      "0": {
        "loc": {
          "start": { "line": 6, "column": 29 },
          "end": { "line": 6, "column": 72 }
        },
        "type": "binary-expr",
        "locations": [
          {
            "start": { "line": 6, "column": 29 },
            "end": { "line": 6, "column": 61 }
          },
          {
            "start": { "line": 6, "column": 65 },
            "end": { "line": 6, "column": 72 }
          }
        ],
        "line": 6
      },
      "1": {
        "loc": {
          "start": { "line": 12, "column": 2 },
          "end": { "line": 18, "column": 3 }
        },
        "type": "if",
        "locations": [
          {
            "start": { "line": 12, "column": 2 },
            "end": { "line": 18, "column": 3 }
          },
          {
            "start": { "line": 14, "column": 9 },
            "end": { "line": 18, "column": 3 }
          }
        ],
        "line": 12
      }
    },
    "s": {
      "0": 3,
      "1": 3,
      "2": 3,
      "3": 3,
      "4": 3,
      "5": 3,
      "6": 3,
      "7": 0,
      "8": 3,
      "9": 3,
      "10": 3,
      "11": 3,
      "12": 3,
      "13": 3,
      "14": 3,
      "15": 3,
      "16": 3,
      "17": 3,
      "18": 3,
      "19": 3,
      "20": 3,
      "21": 3,
      "22": 3,
      "23": 3,
      "24": 3
    },
    "f": { "0": 3 },
    "b": { "0": [3, 3], "1": [0, 3] },
    "_coverageSchema": "1a1c01bbd47fc00a2c39e90264f33305004495a9",
    "hash": "a7e67b6271040291fbdbfb78ea4026ca98672771"
  }
}
