TN:
SF:middlewares/authenticator.js
FN:6,(anonymous_0)
FN:16,(anonymous_1)
FN:41,(anonymous_2)
FNF:3
FNH:1
FNDA:2,(anonymous_0)
FNDA:0,(anonymous_1)
FNDA:0,(anonymous_2)
DA:1,3
DA:2,3
DA:3,3
DA:5,3
DA:6,3
DA:7,2
DA:9,2
DA:10,2
DA:12,0
DA:13,0
DA:15,0
DA:16,0
DA:17,0
DA:18,0
DA:19,0
DA:20,0
DA:21,0
DA:22,0
DA:23,0
DA:25,0
DA:26,0
DA:28,0
DA:33,0
DA:34,0
DA:36,0
DA:38,0
DA:39,0
DA:41,0
DA:42,0
DA:43,0
DA:44,0
DA:45,0
DA:46,0
DA:47,0
DA:48,0
DA:50,0
DA:51,0
DA:53,0
LF:38
LH:8
BRDA:7,0,0,2
BRDA:7,0,1,2
BRDA:9,1,0,2
BRDA:9,1,1,0
BRDA:13,2,0,0
BRDA:13,2,1,0
BRDA:17,3,0,0
BRDA:17,3,1,0
BRDA:22,4,0,0
BRDA:22,4,1,0
BRDA:33,5,0,0
BRDA:33,5,1,0
BRDA:38,6,0,0
BRDA:38,6,1,0
BRDA:42,7,0,0
BRDA:42,7,1,0
BRDA:47,8,0,0
BRDA:47,8,1,0
BRF:18
BRH:3
end_of_record
TN:
SF:models/Contagem.js
FNF:0
FNH:0
DA:1,3
DA:3,3
DA:35,3
DA:37,3
LF:4
LH:4
BRF:0
BRH:0
end_of_record
TN:
SF:models/Round.js
FNF:0
FNH:0
DA:1,3
DA:3,3
DA:31,3
DA:33,3
LF:4
LH:4
BRF:0
BRH:0
end_of_record
TN:
SF:models/User.js
FN:96,(anonymous_0)
FNF:1
FNH:1
FNDA:8,(anonymous_0)
DA:1,3
DA:2,3
DA:4,3
DA:27,3
DA:96,3
DA:97,8
DA:99,3
DA:100,3
DA:102,3
DA:103,3
LF:10
LH:10
BRDA:97,0,0,5
BRDA:97,0,1,3
BRF:2
BRH:2
end_of_record
TN:
SF:modules/mailer.js
FNF:0
FNH:0
DA:1,2
DA:2,2
DA:3,2
DA:4,2
DA:6,2
DA:15,2
DA:29,2
LF:7
LH:7
BRF:0
BRH:0
end_of_record
TN:
SF:routes/createUser.js
FN:8,generateToken
FN:13,(anonymous_1)
FN:86,(anonymous_2)
FNF:3
FNH:2
FNDA:3,generateToken
FNDA:4,(anonymous_1)
FNDA:0,(anonymous_2)
DA:1,3
DA:2,3
DA:3,3
DA:4,3
DA:5,3
DA:6,3
DA:9,3
DA:13,3
DA:14,4
DA:15,4
DA:16,0
DA:19,4
DA:20,1
DA:24,3
DA:25,3
DA:26,0
DA:32,3
DA:33,3
DA:34,3
DA:35,0
DA:37,3
DA:38,3
DA:39,0
DA:41,3
DA:42,3
DA:43,0
DA:50,3
DA:51,0
DA:58,3
DA:59,3
DA:67,3
DA:75,3
DA:76,3
DA:82,0
DA:83,0
DA:86,3
DA:87,0
DA:88,0
DA:90,0
DA:92,0
DA:97,0
DA:98,0
DA:101,0
DA:102,0
DA:103,0
DA:105,0
DA:106,0
DA:109,0
DA:111,0
DA:113,0
DA:114,0
DA:117,0
DA:120,0
DA:121,0
DA:124,3
LF:55
LH:29
BRDA:8,0,0,0
BRDA:15,1,0,0
BRDA:15,1,1,4
BRDA:15,2,0,4
BRDA:15,2,1,4
BRDA:15,2,2,4
BRDA:15,2,3,4
BRDA:15,2,4,4
BRDA:15,2,5,4
BRDA:19,3,0,1
BRDA:19,3,1,3
BRDA:25,4,0,0
BRDA:25,4,1,3
BRDA:34,5,0,0
BRDA:34,5,1,3
BRDA:38,6,0,0
BRDA:38,6,1,3
BRDA:42,7,0,0
BRDA:42,7,1,3
BRDA:50,8,0,0
BRDA:50,8,1,3
BRDA:58,9,0,3
BRDA:58,9,1,0
BRDA:90,10,0,0
BRDA:90,10,1,0
BRDA:97,11,0,0
BRDA:97,11,1,0
BRDA:102,12,0,0
BRDA:102,12,1,0
BRDA:105,13,0,0
BRDA:105,13,1,0
BRDA:113,14,0,0
BRDA:113,14,1,0
BRF:33
BRH:15
end_of_record
TN:
SF:routes/login.js
FN:11,generateToken
FN:16,(anonymous_1)
FN:45,(anonymous_2)
FN:52,(anonymous_3)
FN:117,(anonymous_4)
FN:155,(anonymous_5)
FNF:6
FNH:4
FNDA:1,generateToken
FNDA:2,(anonymous_1)
FNDA:0,(anonymous_2)
FNDA:1,(anonymous_3)
FNDA:0,(anonymous_4)
FNDA:1,(anonymous_5)
DA:1,3
DA:2,3
DA:3,3
DA:4,3
DA:5,3
DA:6,3
DA:7,3
DA:8,3
DA:9,3
DA:12,1
DA:16,3
DA:17,2
DA:18,2
DA:19,0
DA:21,2
DA:22,0
DA:24,2
DA:25,2
DA:26,0
DA:29,2
DA:30,2
DA:31,1
DA:33,1
DA:34,1
DA:35,1
DA:36,1
DA:37,1
DA:45,3
DA:46,0
DA:47,0
DA:49,0
DA:52,3
DA:53,1
DA:54,1
DA:55,0
DA:57,1
DA:59,1
DA:60,1
DA:61,0
DA:63,1
DA:65,1
DA:66,1
DA:68,1
DA:88,1
DA:89,1
DA:96,1
DA:102,0
DA:106,0
DA:110,0
DA:114,0
DA:117,3
DA:118,0
DA:120,0
DA:121,0
DA:122,0
DA:123,0
DA:125,0
DA:126,0
DA:127,0
DA:128,0
DA:130,0
DA:131,0
DA:133,0
DA:134,0
DA:135,0
DA:137,0
DA:138,0
DA:139,0
DA:141,0
DA:142,0
DA:143,0
DA:145,0
DA:147,0
DA:148,0
DA:152,0
DA:155,3
DA:156,1
DA:157,1
DA:164,1
DA:165,1
DA:167,0
DA:170,3
LF:82
LH:45
BRDA:11,0,0,0
BRDA:18,1,0,0
BRDA:18,1,1,2
BRDA:21,2,0,0
BRDA:21,2,1,2
BRDA:25,3,0,0
BRDA:25,3,1,2
BRDA:30,4,0,1
BRDA:30,4,1,1
BRDA:33,5,0,1
BRDA:33,5,1,1
BRDA:34,6,0,1
BRDA:34,6,1,1
BRDA:35,7,0,1
BRDA:35,7,1,1
BRDA:46,8,0,0
BRDA:46,8,1,0
BRDA:54,9,0,0
BRDA:54,9,1,1
BRDA:60,10,0,0
BRDA:60,10,1,1
BRDA:122,11,0,0
BRDA:122,11,1,0
BRDA:125,12,0,0
BRDA:125,12,1,0
BRDA:127,13,0,0
BRDA:127,13,1,0
BRDA:130,14,0,0
BRDA:130,14,1,0
BRDA:134,15,0,0
BRDA:134,15,1,0
BRDA:138,16,0,0
BRDA:138,16,1,0
BRDA:142,17,0,0
BRDA:142,17,1,0
BRDA:164,18,0,0
BRDA:164,18,1,1
BRF:37
BRH:14
end_of_record
TN:
SF:routes/permissoes.js
FN:5,(anonymous_0)
FNF:1
FNH:0
FNDA:0,(anonymous_0)
DA:1,3
DA:2,3
DA:3,3
DA:5,3
DA:7,0
DA:9,0
DA:10,0
DA:11,0
DA:12,0
DA:13,0
DA:14,0
DA:16,0
DA:20,3
LF:13
LH:5
BRDA:11,0,0,0
BRDA:11,0,1,0
BRF:2
BRH:0
end_of_record
TN:
SF:routes/round.js
FN:6,(anonymous_0)
FN:30,(anonymous_1)
FN:45,(anonymous_2)
FN:62,(anonymous_3)
FN:104,(anonymous_4)
FN:116,(anonymous_5)
FNF:6
FNH:2
FNDA:1,(anonymous_0)
FNDA:0,(anonymous_1)
FNDA:0,(anonymous_2)
FNDA:1,(anonymous_3)
FNDA:0,(anonymous_4)
FNDA:0,(anonymous_5)
DA:1,3
DA:2,3
DA:3,3
DA:4,3
DA:6,3
DA:7,1
DA:8,1
DA:9,1
DA:10,1
DA:11,0
DA:13,1
DA:14,1
DA:15,1
DA:16,1
DA:17,1
DA:18,1
DA:19,1
DA:20,1
DA:21,1
DA:22,1
DA:23,1
DA:25,0
DA:26,0
DA:30,3
DA:31,0
DA:33,0
DA:34,0
DA:35,0
DA:36,0
DA:38,0
DA:41,0
DA:45,3
DA:46,0
DA:48,0
DA:49,0
DA:50,0
DA:51,0
DA:54,0
DA:55,0
DA:56,0
DA:58,0
DA:62,3
DA:63,1
DA:65,1
DA:66,1
DA:67,1
DA:68,0
DA:72,1
DA:82,1
DA:85,1
DA:86,1
DA:89,1
DA:90,1
DA:91,0
DA:93,1
DA:94,1
DA:96,1
DA:98,0
DA:99,0
DA:104,3
DA:105,0
DA:107,0
DA:108,0
DA:109,0
DA:112,0
DA:116,3
DA:117,0
DA:118,0
DA:120,0
DA:122,0
DA:124,0
DA:128,3
LF:72
LH:39
BRDA:10,0,0,0
BRDA:10,0,1,1
BRDA:13,1,0,1
BRDA:13,1,1,0
BRDA:14,2,0,1
BRDA:14,2,1,0
BRDA:15,3,0,1
BRDA:15,3,1,0
BRDA:34,4,0,0
BRDA:34,4,1,0
BRDA:49,5,0,0
BRDA:49,5,1,0
BRDA:67,6,0,0
BRDA:67,6,1,1
BRDA:90,7,0,0
BRDA:90,7,1,1
BRDA:108,8,0,0
BRDA:108,8,1,0
BRDA:108,9,0,0
BRDA:108,9,1,0
BRDA:120,10,0,0
BRDA:120,10,1,0
BRF:22
BRH:6
end_of_record
TN:
SF:tests/test-setup.js
FN:8,createTestApp
FNF:1
FNH:1
FNDA:3,createTestApp
DA:1,3
DA:2,3
DA:3,3
DA:4,3
DA:6,3
DA:10,3
DA:12,3
DA:13,0
DA:15,3
DA:16,3
DA:17,3
DA:20,3
DA:21,3
DA:22,3
DA:24,3
DA:25,3
DA:26,3
DA:27,3
DA:29,3
DA:30,3
DA:31,3
DA:32,3
DA:34,3
DA:35,3
DA:38,3
LF:25
LH:24
BRDA:6,0,0,3
BRDA:6,0,1,3
BRDA:12,1,0,0
BRDA:12,1,1,3
BRF:4
BRH:3
end_of_record
